SF:lib/progress_confirm_button.dart
DA:10,1
DA:20,1
DA:34,1
DA:35,1
DA:47,1
DA:49,1
DA:50,2
DA:52,3
DA:54,3
DA:55,1
DA:58,1
DA:60,3
DA:61,2
DA:62,1
DA:65,1
DA:66,3
DA:67,2
DA:68,1
DA:72,2
DA:73,2
DA:74,2
DA:75,0
DA:76,0
DA:77,0
DA:78,0
DA:79,0
DA:84,2
DA:85,2
DA:86,0
DA:87,0
DA:88,0
DA:89,0
DA:90,0
DA:95,2
DA:98,1
DA:99,2
DA:100,1
DA:101,1
DA:102,1
DA:103,1
DA:104,2
DA:108,1
DA:109,2
DA:110,1
DA:112,1
DA:114,1
DA:116,1
DA:119,2
DA:123,1
DA:129,1
DA:130,1
DA:131,3
DA:132,1
DA:133,3
DA:134,0
DA:143,1
DA:145,1
DA:146,0
DA:147,0
DA:148,0
DA:151,1
DA:152,2
DA:153,2
DA:154,1
DA:155,1
DA:156,2
DA:160,1
DA:161,3
DA:162,2
DA:165,1
DA:166,1
DA:168,1
DA:170,1
DA:172,1
DA:175,1
DA:176,1
DA:177,1
DA:178,1
DA:179,1
DA:181,1
DA:189,1
DA:190,1
DA:191,1
DA:192,1
DA:193,1
DA:194,1
DA:195,1
DA:196,1
DA:197,1
DA:205,1
DA:206,2
DA:207,2
DA:209,1
DA:211,1
DA:213,1
DA:214,4
DA:215,3
DA:217,4
DA:218,0
DA:225,1
DA:226,2
DA:227,1
DA:230,1
DA:232,1
DA:238,1
DA:239,2
DA:240,2
DA:241,1
DA:243,1
DA:245,0
DA:246,0
DA:247,0
DA:248,0
DA:249,0
DA:250,0
DA:251,0
DA:252,0
DA:257,1
DA:260,1
DA:263,1
DA:265,1
LF:121
LH:98
end_of_record
SF:lib/custom_timer_painter.dart
DA:6,1
DA:9,1
DA:14,1
DA:16,1
DA:17,2
DA:18,1
DA:19,1
DA:21,2
DA:23,1
DA:24,2
DA:26,4
DA:27,1
DA:28,1
DA:31,1
DA:32,1
DA:33,1
DA:34,1
DA:35,2
DA:36,1
DA:37,1
DA:38,1
DA:39,1
DA:40,2
DA:44,1
DA:46,5
DA:47,3
LF:26
LH:26
end_of_record
